This is pdfTeX, Version 3.141592653-2.6-1.40.25 (MiKTeX 23.4) (preloaded format=pdflatex 2024.3.14)  14 MAR 2024 10:07
entering extended mode
 restricted \write18 enabled.
 %&-line parsing enabled.
**./destinationweatherstationv45.tex
(destinationweatherstationv45.tex
LaTeX2e <2022-11-01> patch level 1
L3 programming layer <2023-03-30> (sphinxmanual.cls
Document Class: sphinxmanual 2019/12/01 v2.3.0 Document class (Sphinx manual)
(C:\Users\madis\AppData\Local\Programs\MiKTeX\tex/latex/base\report.cls
Document Class: report 2022/07/02 v1.4n Standard LaTeX document class
(C:\Users\madis\AppData\Local\Programs\MiKTeX\tex/latex/base\size10.clo
File: size10.clo 2022/07/02 v1.4n Standard LaTeX file (size option)
)
\c@part=\count185
\c@chapter=\count186
\c@section=\count187
\c@subsection=\count188
\c@subsubsection=\count189
\c@paragraph=\count190
\c@subparagraph=\count191
\c@figure=\count192
\c@table=\count193
\abovecaptionskip=\skip48
\belowcaptionskip=\skip49
\bibindent=\dimen140
)
LaTeX Info: Redefining \and on input line 35.
)
(C:\Users\madis\AppData\Local\Programs\MiKTeX\tex/latex/base\inputenc.sty
Package: inputenc 2021/02/14 v1.3d Input encoding file
\inpenc@prehook=\toks16
\inpenc@posthook=\toks17
)
   defining Unicode char U+00A0 (decimal 160)
   defining Unicode char U+2500 (decimal 9472)
   defining Unicode char U+2502 (decimal 9474)
   defining Unicode char U+2514 (decimal 9492)
   defining Unicode char U+251C (decimal 9500)
   defining Unicode char U+2572 (decimal 9586)

(C:\Users\madis\AppData\Local\Programs\MiKTeX\tex/latex/cmap\cmap.sty
Package: cmap 2021/02/06 v1.0j CMap support: searchable PDF
)
(C:\Users\madis\AppData\Local\Programs\MiKTeX\tex/latex/base\fontenc.sty
Package: fontenc 2021/04/29 v2.0v Standard LaTeX package
<<t1.cmap>>)
(C:\Users\madis\AppData\Local\Programs\MiKTeX\tex/latex/amsmath\amsmath.sty
Package: amsmath 2022/04/08 v2.17n AMS math features
\@mathmargin=\skip50

For additional information on amsmath, use the `?' option.
(C:\Users\madis\AppData\Local\Programs\MiKTeX\tex/latex/amsmath\amstext.sty
Package: amstext 2021/08/26 v2.01 AMS text

(C:\Users\madis\AppData\Local\Programs\MiKTeX\tex/latex/amsmath\amsgen.sty
File: amsgen.sty 1999/11/30 v2.0 generic functions
\@emptytoks=\toks18
\ex@=\dimen141
))
(C:\Users\madis\AppData\Local\Programs\MiKTeX\tex/latex/amsmath\amsbsy.sty
Package: amsbsy 1999/11/29 v1.2d Bold Symbols
\pmbraise@=\dimen142
)
(C:\Users\madis\AppData\Local\Programs\MiKTeX\tex/latex/amsmath\amsopn.sty
Package: amsopn 2022/04/08 v2.04 operator names
)
\inf@bad=\count194
LaTeX Info: Redefining \frac on input line 234.
\uproot@=\count195
\leftroot@=\count196
LaTeX Info: Redefining \overline on input line 399.
LaTeX Info: Redefining \colon on input line 410.
\classnum@=\count197
\DOTSCASE@=\count198
LaTeX Info: Redefining \ldots on input line 496.
LaTeX Info: Redefining \dots on input line 499.
LaTeX Info: Redefining \cdots on input line 620.
\Mathstrutbox@=\box51
\strutbox@=\box52
LaTeX Info: Redefining \big on input line 722.
LaTeX Info: Redefining \Big on input line 723.
LaTeX Info: Redefining \bigg on input line 724.
LaTeX Info: Redefining \Bigg on input line 725.
\big@size=\dimen143
LaTeX Font Info:    Redeclaring font encoding OML on input line 743.
LaTeX Font Info:    Redeclaring font encoding OMS on input line 744.
\macc@depth=\count199
LaTeX Info: Redefining \bmod on input line 905.
LaTeX Info: Redefining \pmod on input line 910.
LaTeX Info: Redefining \smash on input line 940.
LaTeX Info: Redefining \relbar on input line 970.
LaTeX Info: Redefining \Relbar on input line 971.
\c@MaxMatrixCols=\count266
\dotsspace@=\muskip16
\c@parentequation=\count267
\dspbrk@lvl=\count268
\tag@help=\toks19
\row@=\count269
\column@=\count270
\maxfields@=\count271
\andhelp@=\toks20
\eqnshift@=\dimen144
\alignsep@=\dimen145
\tagshift@=\dimen146
\tagwidth@=\dimen147
\totwidth@=\dimen148
\lineht@=\dimen149
\@envbody=\toks21
\multlinegap=\skip51
\multlinetaggap=\skip52
\mathdisplay@stack=\toks22
LaTeX Info: Redefining \[ on input line 2953.
LaTeX Info: Redefining \] on input line 2954.
)
(C:\Users\madis\AppData\Local\Programs\MiKTeX\tex/latex/amsfonts\amssymb.sty
Package: amssymb 2013/01/14 v3.01 AMS font symbols

(C:\Users\madis\AppData\Local\Programs\MiKTeX\tex/latex/amsfonts\amsfonts.sty
Package: amsfonts 2013/01/14 v3.01 Basic AMSFonts support
\symAMSa=\mathgroup4
\symAMSb=\mathgroup5
LaTeX Font Info:    Redeclaring math symbol \hbar on input line 98.
LaTeX Font Info:    Overwriting math alphabet `\mathfrak' in version `bold'
(Font)                  U/euf/m/n --> U/euf/b/n on input line 106.
)) (C:\Users\madis\AppData\Local\Programs\MiKTeX\tex/generic/babel\babel.sty
Package: babel 2023/03/28 3.87 The Babel package
\babel@savecnt=\count272
\U@D=\dimen150
\l@unhyphenated=\language79

(C:\Users\madis\AppData\Local\Programs\MiKTeX\tex/generic/babel\txtbabel.def)
\bbl@readstream=\read2
\bbl@dirlevel=\count273

*************************************
* Local config file bblopts.cfg used
*
(C:\Users\madis\AppData\Local\Programs\MiKTeX\tex/latex/arabi\bblopts.cfg
File: bblopts.cfg 2005/09/08 v0.1 add Arabic and Farsi to "declared" options of
 babel
)
(C:\Users\madis\AppData\Local\Programs\MiKTeX\tex/latex/babel-english\english.l
df
Language: english 2017/06/06 v3.3r English support from the babel system
Package babel Info: Hyphen rules for 'canadian' set to \l@english
(babel)             (\language0). Reported on input line 102.
Package babel Info: Hyphen rules for 'australian' set to \l@ukenglish
(babel)             (\language73). Reported on input line 105.
Package babel Info: Hyphen rules for 'newzealand' set to \l@ukenglish
(babel)             (\language73). Reported on input line 108.
))
(C:\Users\madis\AppData\Local\Programs\MiKTeX\tex/generic/babel/locale/en\babel
-english.tex
Package babel Info: Importing font and identification data for english
(babel)             from babel-en.ini. Reported on input line 11.
)
(C:\Users\madis\AppData\Local\Programs\MiKTeX\tex/latex/tex-gyre\tgtermes.sty
Package: tgtermes 2009/09/27 v1.2 TeX Gyre Termes as default roman family

(C:\Users\madis\AppData\Local\Programs\MiKTeX\tex/latex/kvoptions\kvoptions.sty
Package: kvoptions 2022-06-15 v3.15 Key value format for package options (HO)
(C:\Users\madis\AppData\Local\Programs\MiKTeX\tex/latex/graphics\keyval.sty
Package: keyval 2022/05/29 v1.15 key=value parser (DPC)
\KV@toks@=\toks23
)
(C:\Users\madis\AppData\Local\Programs\MiKTeX\tex/generic/ltxcmds\ltxcmds.sty
Package: ltxcmds 2023-12-04 v1.26 LaTeX kernel commands for general use (HO)
)
(C:\Users\madis\AppData\Local\Programs\MiKTeX\tex/latex/kvsetkeys\kvsetkeys.sty
Package: kvsetkeys 2022-10-05 v1.19 Key value parser (HO)
)))
(C:\Users\madis\AppData\Local\Programs\MiKTeX\tex/latex/tex-gyre\tgheros.sty
Package: tgheros 2009/09/27 v1.2 TeX Gyre Heros as default sans serif family
)
(C:\Users\madis\AppData\Local\Programs\MiKTeX\tex/latex/fncychap\fncychap.sty
Package: fncychap 2007/07/30 v1.34 LaTeX package (Revised chapters)
\RW=\skip53
\mylen=\skip54
\myhi=\skip55
\px=\skip56
\py=\skip57
\pyy=\skip58
\pxx=\skip59
\c@AlphaCnt=\count274
\c@AlphaDecCnt=\count275
)
(sphinx.sty
Package: sphinx 2023/03/19 v6.2.0 LaTeX package (Sphinx markup)

(C:\Users\madis\AppData\Local\Programs\MiKTeX\tex/latex/xcolor\xcolor.sty
Package: xcolor 2022/06/12 v2.14 LaTeX color extensions (UK)

(C:\Users\madis\AppData\Local\Programs\MiKTeX\tex/latex/graphics-cfg\color.cfg
File: color.cfg 2016/01/02 v1.6 sample color configuration
)
Package xcolor Info: Driver file: pdftex.def on input line 227.

(C:\Users\madis\AppData\Local\Programs\MiKTeX\tex/latex/graphics-def\pdftex.def
File: pdftex.def 2022/09/22 v1.2b Graphics/color driver for pdftex
)
(C:\Users\madis\AppData\Local\Programs\MiKTeX\tex/latex/graphics\mathcolor.ltx)
Package xcolor Info: Model `cmy' substituted by `cmy0' on input line 1353.
Package xcolor Info: Model `hsb' substituted by `rgb' on input line 1357.
Package xcolor Info: Model `RGB' extended on input line 1369.
Package xcolor Info: Model `HTML' substituted by `rgb' on input line 1371.
Package xcolor Info: Model `Hsb' substituted by `hsb' on input line 1372.
Package xcolor Info: Model `tHsb' substituted by `hsb' on input line 1373.
Package xcolor Info: Model `HSB' substituted by `hsb' on input line 1374.
Package xcolor Info: Model `Gray' substituted by `gray' on input line 1375.
Package xcolor Info: Model `wave' substituted by `hsb' on input line 1376.
) (sphinxoptionshyperref.sty
File: sphinxoptionshyperref.sty 2021/01/27 hyperref
) (sphinxoptionsgeometry.sty
File: sphinxoptionsgeometry.sty 2021/01/27 geometry
)
(C:\Users\madis\AppData\Local\Programs\MiKTeX\tex/latex/base\textcomp.sty
Package: textcomp 2020/02/02 v2.0n Standard LaTeX package
)
(C:\Users\madis\AppData\Local\Programs\MiKTeX\tex/latex/float\float.sty
Package: float 2001/11/08 v1.3d Float enhancements (AL)
\c@float@type=\count276
\float@exts=\toks24
\float@box=\box53
\@float@everytoks=\toks25
\@floatcapt=\box54
)
(C:\Users\madis\AppData\Local\Programs\MiKTeX\tex/latex/wrapfig\wrapfig.sty
\wrapoverhang=\dimen151
\WF@size=\dimen152
\c@WF@wrappedlines=\count277
\WF@box=\box55
\WF@everypar=\toks26
Package: wrapfig 2003/01/31  v 3.6
)
(C:\Users\madis\AppData\Local\Programs\MiKTeX\tex/latex/capt-of\capt-of.sty
Package: capt-of 2009/12/29 v0.2 standard captions outside of floats
)
(C:\Users\madis\AppData\Local\Programs\MiKTeX\tex/latex/tools\multicol.sty
Package: multicol 2021/11/30 v1.9d multicolumn formatting (FMi)
\c@tracingmulticols=\count278
\mult@box=\box56
\multicol@leftmargin=\dimen153
\c@unbalance=\count279
\c@collectmore=\count280
\doublecol@number=\count281
\multicoltolerance=\count282
\multicolpretolerance=\count283
\full@width=\dimen154
\page@free=\dimen155
\premulticols=\dimen156
\postmulticols=\dimen157
\multicolsep=\skip60
\multicolbaselineskip=\skip61
\partial@page=\box57
\last@line=\box58
\maxbalancingoverflow=\dimen158
\mult@rightbox=\box59
\mult@grightbox=\box60
\mult@firstbox=\box61
\mult@gfirstbox=\box62
\@tempa=\box63
\@tempa=\box64
\@tempa=\box65
\@tempa=\box66
\@tempa=\box67
\@tempa=\box68
\@tempa=\box69
\@tempa=\box70
\@tempa=\box71
\@tempa=\box72
\@tempa=\box73
\@tempa=\box74
\@tempa=\box75
\@tempa=\box76
\@tempa=\box77
\@tempa=\box78
\@tempa=\box79
\@tempa=\box80
\@tempa=\box81
\@tempa=\box82
\@tempa=\box83
\@tempa=\box84
\@tempa=\box85
\@tempa=\box86
\@tempa=\box87
\@tempa=\box88
\@tempa=\box89
\@tempa=\box90
\@tempa=\box91
\@tempa=\box92
\@tempa=\box93
\@tempa=\box94
\@tempa=\box95
\@tempa=\box96
\@tempa=\box97
\@tempa=\box98
\c@minrows=\count284
\c@columnbadness=\count285
\c@finalcolumnbadness=\count286
\last@try=\dimen159
\multicolovershoot=\dimen160
\multicolundershoot=\dimen161
\mult@nat@firstbox=\box99
\colbreak@box=\box100
\mc@col@check@num=\count287
)
(C:\Users\madis\AppData\Local\Programs\MiKTeX\tex/latex/graphics\graphicx.sty
Package: graphicx 2021/09/16 v1.2d Enhanced LaTeX Graphics (DPC,SPQR)

(C:\Users\madis\AppData\Local\Programs\MiKTeX\tex/latex/graphics\graphics.sty
Package: graphics 2022/03/10 v1.4e Standard LaTeX Graphics (DPC,SPQR)

(C:\Users\madis\AppData\Local\Programs\MiKTeX\tex/latex/graphics\trig.sty
Package: trig 2021/08/11 v1.11 sin cos tan (DPC)
)
(C:\Users\madis\AppData\Local\Programs\MiKTeX\tex/latex/graphics-cfg\graphics.c
fg
File: graphics.cfg 2016/06/04 v1.11 sample graphics configuration
)
Package graphics Info: Driver file: pdftex.def on input line 107.
)
\Gin@req@height=\dimen162
\Gin@req@width=\dimen163
) (sphinxlatexgraphics.sty
File: sphinxlatexgraphics.sty 2021/01/27 graphics
\spx@image@maxheight=\dimen164
\spx@image@box=\box101
) (sphinxpackageboxes.sty
Package: sphinxpackageboxes 2023/03/19 v6.2.0 advanced colored boxes

(C:\Users\madis\AppData\Local\Programs\MiKTeX\tex/latex/pict2e\pict2e.sty
Package: pict2e 2020/09/30 v0.4b Improved picture commands (HjG,RN,JT)

(C:\Users\madis\AppData\Local\Programs\MiKTeX\tex/latex/pict2e\pict2e.cfg
File: pict2e.cfg 2016/02/05 v0.1u pict2e configuration for teTeX/TeXLive
)
Package pict2e Info: Driver file: pdftex.def on input line 112.
Package pict2e Info: Driver file for pict2e: p2e-pdftex.def on input line 114.

(C:\Users\madis\AppData\Local\Programs\MiKTeX\tex/latex/pict2e\p2e-pdftex.def
File: p2e-pdftex.def 2016/02/05 v0.1u Driver-dependant file (RN,HjG,JT)
)
\pIIe@GRAPH=\toks27
\@arclen=\dimen165
\@arcrad=\dimen166
\pIIe@tempdima=\dimen167
\pIIe@tempdimb=\dimen168
\pIIe@tempdimc=\dimen169
\pIIe@tempdimd=\dimen170
\pIIe@tempdime=\dimen171
\pIIe@tempdimf=\dimen172
) (C:\Users\madis\AppData\Local\Programs\MiKTeX\tex/latex/ellipse\ellipse.sty
Package: ellipse 2004/11/05 v1.0 .dtx ellipse file
)
\@tempdimd=\dimen173
\spx@tempboxa=\box102
\spx@tempboxb=\box103
\spx@boxes@border=\dimen174
\spx@boxes@border@top=\dimen175
\spx@boxes@border@right=\dimen176
\spx@boxes@border@bottom=\dimen177
\spx@boxes@border@left=\dimen178
\spx@boxes@padding@top=\dimen179
\spx@boxes@padding@right=\dimen180
\spx@boxes@padding@bottom=\dimen181
\spx@boxes@padding@left=\dimen182
\spx@boxes@shadow@xoffset=\dimen183
\spx@boxes@shadow@yoffset=\dimen184
\spx@boxes@radius@topleft@x=\dimen185
\spx@boxes@radius@topright@x=\dimen186
\spx@boxes@radius@bottomright@x=\dimen187
\spx@boxes@radius@bottomleft@x=\dimen188
\spx@boxes@radius@topleft@y=\dimen189
\spx@boxes@radius@topright@y=\dimen190
\spx@boxes@radius@bottomright@y=\dimen191
\spx@boxes@radius@bottomleft@y=\dimen192
)
(sphinxlatexadmonitions.sty
File: sphinxlatexadmonitions.sty 2023/03/19 admonitions

(C:\Users\madis\AppData\Local\Programs\MiKTeX\tex/latex/framed\framed.sty
Package: framed 2011/10/22 v 0.96: framed or shaded text with page breaks
\OuterFrameSep=\skip62
\fb@frw=\dimen193
\fb@frh=\dimen194
\FrameRule=\dimen195
\FrameSep=\dimen196
)
\spx@notice@border=\dimen197
)
(sphinxlatexliterals.sty
File: sphinxlatexliterals.sty 2023/04/01 code-blocks and parsed literals

(C:\Users\madis\AppData\Local\Programs\MiKTeX\tex/latex/fancyvrb\fancyvrb.sty
Package: fancyvrb 2024/01/20 4.5c verbatim text (tvz,hv)
\FV@CodeLineNo=\count288
\FV@InFile=\read3
\FV@TabBox=\box104
\c@FancyVerbLine=\count289
\FV@StepNumber=\count290
\FV@OutFile=\write3
)
(C:\Users\madis\AppData\Local\Programs\MiKTeX\tex/latex/base\alltt.sty
Package: alltt 2021/01/29 v2.0g defines alltt environment
)
(C:\Users\madis\AppData\Local\Programs\MiKTeX\tex/latex/upquote\upquote.sty
Package: upquote 2012/04/19 v1.3 upright-quote and grave-accent glyphs in verba
tim
)
(C:\Users\madis\AppData\Local\Programs\MiKTeX\tex/latex/needspace\needspace.sty
Package: needspace 2010/09/12 v1.3d reserve vertical space
)
\sphinxcontinuationbox=\box105
\sphinxvisiblespacebox=\box106
\sphinxVerbatim@TitleBox=\box107
\sphinxVerbatim@ContentsBox=\box108
) (sphinxlatexshadowbox.sty
File: sphinxlatexshadowbox.sty 2023/03/19 sphinxShadowBox
) (sphinxlatexcontainers.sty
File: sphinxlatexcontainers.sty 2021/05/03 containers
) (sphinxhighlight.sty
Package: sphinxhighlight 2022/06/30 stylesheet for highlighting with pygments
) (sphinxlatextables.sty
File: sphinxlatextables.sty 2022/08/15 tables

(C:\Users\madis\AppData\Local\Programs\MiKTeX\tex/latex/tabulary\tabulary.sty
Package: tabulary 2014/06/11 v0.10 tabulary package (DPC)

(C:\Users\madis\AppData\Local\Programs\MiKTeX\tex/latex/tools\array.sty
Package: array 2022/09/04 v2.5g Tabular extension package (FMi)
\col@sep=\dimen198
\ar@mcellbox=\box109
\extrarowheight=\dimen199
\NC@list=\toks28
\extratabsurround=\skip63
\backup@length=\skip64
\ar@cellbox=\box110
)
\TY@count=\count291
\TY@linewidth=\dimen256
\tymin=\dimen257
\tymax=\dimen258
\TY@tablewidth=\dimen259
)
(C:\Users\madis\AppData\Local\Programs\MiKTeX\tex/latex/tools\longtable.sty
Package: longtable 2021-09-01 v4.17 Multi-page Table package (DPC)
\LTleft=\skip65
\LTright=\skip66
\LTpre=\skip67
\LTpost=\skip68
\LTchunksize=\count292
\LTcapwidth=\dimen260
\LT@head=\box111
\LT@firsthead=\box112
\LT@foot=\box113
\LT@lastfoot=\box114
\LT@gbox=\box115
\LT@cols=\count293
\LT@rows=\count294
\c@LT@tables=\count295
\c@LT@chunks=\count296
\LT@p@ftn=\toks29
)
(C:\Users\madis\AppData\Local\Programs\MiKTeX\tex/latex/varwidth\varwidth.sty
Package: varwidth 2009/03/30 ver 0.92;  Variable-width minipages
\@vwid@box=\box116
\sift@deathcycles=\count297
\@vwid@loff=\dimen261
\@vwid@roff=\dimen262
)
\sphinx@TY@tablewidth=\dimen263

(C:\Users\madis\AppData\Local\Programs\MiKTeX\tex/latex/colortbl\colortbl.sty
Package: colortbl 2024/02/20 v1.0g Color table columns (DPC)
\everycr=\toks30
\minrowclearance=\skip69
\rownum=\count298
)
(C:\Users\madis\AppData\Local\Programs\MiKTeX\tex/latex/booktabs\booktabs.sty
Package: booktabs 2020/01/12 v1.61803398 Publication quality tables
\heavyrulewidth=\dimen264
\lightrulewidth=\dimen265
\cmidrulewidth=\dimen266
\belowrulesep=\dimen267
\belowbottomsep=\dimen268
\aboverulesep=\dimen269
\abovetopsep=\dimen270
\cmidrulesep=\dimen271
\cmidrulekern=\dimen272
\defaultaddspace=\dimen273
\@cmidla=\count299
\@cmidlb=\count300
\@aboverulesep=\dimen274
\@belowrulesep=\dimen275
\@thisruleclass=\count301
\@lastruleclass=\count302
\@thisrulewidth=\dimen276
)) (sphinxlatexnumfig.sty
File: sphinxlatexnumfig.sty 2021/01/27 numbering
) (sphinxlatexlists.sty
File: sphinxlatexlists.sty 2021/12/20 lists
\spx@lineitemlabel=\toks31
)
\c@sphinxscope=\count303
 (sphinxpackagefootnote.sty
Package: sphinxpackagefootnote 2022/08/15 v5.3.0 Sphinx custom footnotehyper pa
ckage (Sphinx team)
\FNH@notes=\box117
\FNH@toks=\toks32
\FNH@width=\dimen277
\c@sphinxfootnotemark=\count304
)
(sphinxlatexindbibtoc.sty
File: sphinxlatexindbibtoc.sty 2021/01/27 index, bib., toc

(C:\Users\madis\AppData\Local\Programs\MiKTeX\tex/latex/base\makeidx.sty
Package: makeidx 2021/10/04 v1.0m Standard LaTeX package
))
(sphinxlatexstylepage.sty
File: sphinxlatexstylepage.sty 2021/01/27 page styling

(C:\Users\madis\AppData\Local\Programs\MiKTeX\tex/latex/parskip\parskip.sty
Rollback for package 'parskip' requested -> version 'v1'.
         This corresponds to the release introduced on 2001-04-09.

(C:\Users\madis\AppData\Local\Programs\MiKTeX\tex/latex/parskip\parskip-2001-04
-09.sty
Package: parskip 2001/04/09 non-zero parskip adjustments
))
(C:\Users\madis\AppData\Local\Programs\MiKTeX\tex/latex/fancyhdr\fancyhdr.sty
Package: fancyhdr 2022/11/09 v4.1 Extensive control of page headers and footers

\f@nch@headwidth=\skip70
\f@nch@O@elh=\skip71
\f@nch@O@erh=\skip72
\f@nch@O@olh=\skip73
\f@nch@O@orh=\skip74
\f@nch@O@elf=\skip75
\f@nch@O@erf=\skip76
\f@nch@O@olf=\skip77
\f@nch@O@orf=\skip78
)) (sphinxlatexstyleheadings.sty
File: sphinxlatexstyleheadings.sty 2023/02/11 headings

(C:\Users\madis\AppData\Local\Programs\MiKTeX\tex/latex/titlesec\titlesec.sty
Package: titlesec 2023/10/27 v2.16 Sectioning titles
\ttl@box=\box118
\beforetitleunit=\skip79
\aftertitleunit=\skip80
\ttl@plus=\dimen278
\ttl@minus=\dimen279
\ttl@toksa=\toks33
\titlewidth=\dimen280
\titlewidthlast=\dimen281
\titlewidthfirst=\dimen282
)) (sphinxlatexstyletext.sty
File: sphinxlatexstyletext.sty 2023/07/23 text styling
) (sphinxlatexobjects.sty
File: sphinxlatexobjects.sty 2023/07/23 documentation environments
\sphinxsignaturesep=\skip81
\sphinxsignaturelistskip=\skip82
\py@argswidth=\skip83
\lineblockindentation=\skip84
\DUlineblockindent=\skip85
))
(C:\Users\madis\AppData\Local\Programs\MiKTeX\tex/latex/geometry\geometry.sty
Package: geometry 2020/01/02 v5.9 Page Geometry

(C:\Users\madis\AppData\Local\Programs\MiKTeX\tex/generic/iftex\ifvtex.sty
Package: ifvtex 2019/10/25 v1.7 ifvtex legacy package. Use iftex instead.

(C:\Users\madis\AppData\Local\Programs\MiKTeX\tex/generic/iftex\iftex.sty
Package: iftex 2022/02/03 v1.0f TeX engine tests
))
\Gm@cnth=\count305
\Gm@cntv=\count306
\c@Gm@tempcnt=\count307
\Gm@bindingoffset=\dimen283
\Gm@wd@mp=\dimen284
\Gm@odd@mp=\dimen285
\Gm@even@mp=\dimen286
\Gm@layoutwidth=\dimen287
\Gm@layoutheight=\dimen288
\Gm@layouthoffset=\dimen289
\Gm@layoutvoffset=\dimen290
\Gm@dimlist=\toks34

(C:\Users\madis\AppData\Local\Programs\MiKTeX\tex/latex/geometry\geometry.cfg))
(C:\Users\madis\AppData\Local\Programs\MiKTeX\tex/latex/hyperref\hyperref.sty
Package: hyperref 2023-02-07 v7.00v Hypertext links for LaTeX

(C:\Users\madis\AppData\Local\Programs\MiKTeX\tex/generic/pdftexcmds\pdftexcmds
.sty
Package: pdftexcmds 2020-06-27 v0.33 Utility functions of pdfTeX for LuaTeX (HO
)

(C:\Users\madis\AppData\Local\Programs\MiKTeX\tex/generic/infwarerr\infwarerr.s
ty
Package: infwarerr 2019/12/03 v1.5 Providing info/warning/error messages (HO)
)
Package pdftexcmds Info: \pdf@primitive is available.
Package pdftexcmds Info: \pdf@ifprimitive is available.
Package pdftexcmds Info: \pdfdraftmode found.
)
(C:\Users\madis\AppData\Local\Programs\MiKTeX\tex/generic/kvdefinekeys\kvdefine
keys.sty
Package: kvdefinekeys 2019-12-19 v1.6 Define keys (HO)
)
(C:\Users\madis\AppData\Local\Programs\MiKTeX\tex/generic/pdfescape\pdfescape.s
ty
Package: pdfescape 2019/12/09 v1.15 Implements pdfTeX's escape features (HO)
) (C:\Users\madis\AppData\Local\Programs\MiKTeX\tex/latex/hycolor\hycolor.sty
Package: hycolor 2020-01-27 v1.10 Color options for hyperref/bookmark (HO)
)
(C:\Users\madis\AppData\Local\Programs\MiKTeX\tex/latex/letltxmacro\letltxmacro
.sty
Package: letltxmacro 2019/12/03 v1.6 Let assignment for LaTeX macros (HO)
)
(C:\Users\madis\AppData\Local\Programs\MiKTeX\tex/latex/auxhook\auxhook.sty
Package: auxhook 2019-12-17 v1.6 Hooks for auxiliary files (HO)
)
(C:\Users\madis\AppData\Local\Programs\MiKTeX\tex/latex/hyperref\nameref.sty
Package: nameref 2022-05-17 v2.50 Cross-referencing by name of section

(C:\Users\madis\AppData\Local\Programs\MiKTeX\tex/latex/refcount\refcount.sty
Package: refcount 2019/12/15 v3.6 Data extraction from label references (HO)
)
(C:\Users\madis\AppData\Local\Programs\MiKTeX\tex/generic/gettitlestring\gettit
lestring.sty
Package: gettitlestring 2019/12/15 v1.6 Cleanup title references (HO)
)
\c@section@level=\count308
)
\@linkdim=\dimen291
\Hy@linkcounter=\count309
\Hy@pagecounter=\count310

(C:\Users\madis\AppData\Local\Programs\MiKTeX\tex/latex/hyperref\pd1enc.def
File: pd1enc.def 2023-02-07 v7.00v Hyperref: PDFDocEncoding definition (HO)
Now handling font encoding PD1 ...
... no UTF-8 mapping file for font encoding PD1
)
(C:\Users\madis\AppData\Local\Programs\MiKTeX\tex/generic/intcalc\intcalc.sty
Package: intcalc 2019/12/15 v1.3 Expandable calculations with integers (HO)
)
(C:\Users\madis\AppData\Local\Programs\MiKTeX\tex/generic/etexcmds\etexcmds.sty
Package: etexcmds 2019/12/15 v1.7 Avoid name clashes with e-TeX commands (HO)
)
\Hy@SavedSpaceFactor=\count311
 (C:\Users\madis\AppData\Local\Programs\MiKTeX\tex/latex/hyperref\puenc.def
File: puenc.def 2023-02-07 v7.00v Hyperref: PDF Unicode definition (HO)
Now handling font encoding PU ...
... no UTF-8 mapping file for font encoding PU
)
Package hyperref Info: Option `unicode' set `true' on input line 4060.
Package hyperref Info: Option `colorlinks' set `true' on input line 4060.
Package hyperref Info: Option `breaklinks' set `true' on input line 4060.
Package hyperref Info: Hyper figures OFF on input line 4177.
Package hyperref Info: Link nesting OFF on input line 4182.
Package hyperref Info: Hyper index ON on input line 4185.
Package hyperref Info: Plain pages OFF on input line 4192.
Package hyperref Info: Backreferencing OFF on input line 4197.
Package hyperref Info: Implicit mode ON; LaTeX internals redefined.
Package hyperref Info: Bookmarks ON on input line 4425.
\c@Hy@tempcnt=\count312

(C:\Users\madis\AppData\Local\Programs\MiKTeX\tex/latex/url\url.sty
\Urlmuskip=\muskip17
Package: url 2013/09/16  ver 3.4  Verb mode for urls, etc.
)
LaTeX Info: Redefining \url on input line 4763.
\XeTeXLinkMargin=\dimen292

(C:\Users\madis\AppData\Local\Programs\MiKTeX\tex/generic/bitset\bitset.sty
Package: bitset 2019/12/09 v1.3 Handle bit-vector datatype (HO)

(C:\Users\madis\AppData\Local\Programs\MiKTeX\tex/generic/bigintcalc\bigintcalc
.sty
Package: bigintcalc 2019/12/15 v1.5 Expandable calculations on big integers (HO
)
))
\Fld@menulength=\count313
\Field@Width=\dimen293
\Fld@charsize=\dimen294
Package hyperref Info: Hyper figures OFF on input line 6042.
Package hyperref Info: Link nesting OFF on input line 6047.
Package hyperref Info: Hyper index ON on input line 6050.
Package hyperref Info: backreferencing OFF on input line 6057.
Package hyperref Info: Link coloring ON on input line 6060.
Package hyperref Info: Link coloring with OCG OFF on input line 6067.
Package hyperref Info: PDF/A mode OFF on input line 6072.

(C:\Users\madis\AppData\Local\Programs\MiKTeX\tex/latex/base\atbegshi-ltx.sty
Package: atbegshi-ltx 2021/01/10 v1.0c Emulation of the original atbegshi
package with kernel methods
)
\Hy@abspage=\count314
\c@Item=\count315
\c@Hfootnote=\count316
)
Package hyperref Info: Driver (autodetected): hpdftex.
(C:\Users\madis\AppData\Local\Programs\MiKTeX\tex/latex/hyperref\hpdftex.def
File: hpdftex.def 2023-02-07 v7.00v Hyperref driver for pdfTeX

(C:\Users\madis\AppData\Local\Programs\MiKTeX\tex/latex/base\atveryend-ltx.sty
Package: atveryend-ltx 2020/08/19 v1.0a Emulation of the original atveryend pac
kage
with kernel methods
)
\Fld@listcount=\count317
\c@bookmark@seq@number=\count318

(C:\Users\madis\AppData\Local\Programs\MiKTeX\tex/latex/rerunfilecheck\rerunfil
echeck.sty
Package: rerunfilecheck 2022-07-10 v1.10 Rerun checks for auxiliary files (HO)

(C:\Users\madis\AppData\Local\Programs\MiKTeX\tex/generic/uniquecounter\uniquec
ounter.sty
Package: uniquecounter 2019/12/15 v1.4 Provide unlimited unique counter (HO)
)
Package uniquecounter Info: New unique counter `rerunfilecheck' on input line 2
85.
)
\Hy@SectionHShift=\skip86
)
(C:\Users\madis\AppData\Local\Programs\MiKTeX\tex/latex/oberdiek\hypcap.sty
Package: hypcap 2016/05/16 v1.12 Adjusting the anchors of captions (HO)
)
(sphinxmessages.sty
Package: sphinxmessages 2019/01/04 v2.0 Localized LaTeX macros (Sphinx team)
)
\@indexfile=\write4
\openout4 = `destinationweatherstationv45.idx'.


Writing index file destinationweatherstationv45.idx
LaTeX Font Info:    Trying to load font information for T1+qtm on input line 72
.
(C:\Users\madis\AppData\Local\Programs\MiKTeX\tex/latex/tex-gyre\t1qtm.fd
File: t1qtm.fd 2009/09/25 v1.2 font definition file for T1/qtm
)
(C:\Users\madis\AppData\Local\Programs\MiKTeX\tex/latex/l3backend\l3backend-pdf
tex.def
File: l3backend-pdftex.def 2023-03-30 L3 backend support: PDF output (pdfTeX)
\l__color_backend_stack_int=\count319
\l__pdf_internal_box=\box119
) (destinationweatherstationv45.aux

LaTeX Warning: Label `hardware/assembly:switch' multiply defined.

)
\openout1 = `destinationweatherstationv45.aux'.

LaTeX Font Info:    Checking defaults for OML/cmm/m/it on input line 72.
LaTeX Font Info:    ... okay on input line 72.
LaTeX Font Info:    Checking defaults for OMS/cmsy/m/n on input line 72.
LaTeX Font Info:    ... okay on input line 72.
LaTeX Font Info:    Checking defaults for OT1/cmr/m/n on input line 72.
LaTeX Font Info:    ... okay on input line 72.
LaTeX Font Info:    Checking defaults for T1/cmr/m/n on input line 72.
LaTeX Font Info:    ... okay on input line 72.
LaTeX Font Info:    Checking defaults for TS1/cmr/m/n on input line 72.
LaTeX Font Info:    ... okay on input line 72.
LaTeX Font Info:    Checking defaults for OMX/cmex/m/n on input line 72.
LaTeX Font Info:    ... okay on input line 72.
LaTeX Font Info:    Checking defaults for U/cmr/m/n on input line 72.
LaTeX Font Info:    ... okay on input line 72.
LaTeX Font Info:    Checking defaults for PD1/pdf/m/n on input line 72.
LaTeX Font Info:    ... okay on input line 72.
LaTeX Font Info:    Checking defaults for PU/pdf/m/n on input line 72.
LaTeX Font Info:    ... okay on input line 72.

(C:\Users\madis\AppData\Local\Programs\MiKTeX\tex/context/base/mkii\supp-pdf.mk
ii
[Loading MPS to PDF converter (version 2006.09.02).]
\scratchcounter=\count320
\scratchdimen=\dimen295
\scratchbox=\box120
\nofMPsegments=\count321
\nofMParguments=\count322
\everyMPshowfont=\toks35
\MPscratchCnt=\count323
\MPscratchDim=\dimen296
\MPnumerator=\count324
\makeMPintoPDFobject=\count325
\everyMPtoPDFconversion=\toks36
)
(C:\Users\madis\AppData\Local\Programs\MiKTeX\tex/latex/epstopdf-pkg\epstopdf-b
ase.sty
Package: epstopdf-base 2020-01-24 v2.11 Base part for package epstopdf
Package epstopdf-base Info: Redefining graphics rule for `.eps' on input line 4
85.

(C:\Users\madis\AppData\Local\Programs\MiKTeX\tex/latex/00miktex\epstopdf-sys.c
fg
File: epstopdf-sys.cfg 2021/03/18 v2.0 Configuration of epstopdf for MiKTeX
))
\c@literalblock=\count326

*geometry* driver: auto-detecting
*geometry* detected driver: pdftex
*geometry* verbose mode - [ preamble ] result:
* driver: pdftex
* paper: letterpaper
* layout: <same size as paper>
* layoutoffset:(h,v)=(0.0pt,0.0pt)
* modes: twoside 
* h-part:(L,W,R)=(72.26999pt, 469.75502pt, 72.26999pt)
* v-part:(T,H,B)=(72.26999pt, 650.43001pt, 72.26999pt)
* \paperwidth=614.295pt
* \paperheight=794.96999pt
* \textwidth=469.75502pt
* \textheight=650.43001pt
* \oddsidemargin=0.0pt
* \evensidemargin=0.0pt
* \topmargin=-37.0pt
* \headheight=12.0pt
* \headsep=25.0pt
* \topskip=10.0pt
* \footskip=30.0pt
* \marginparwidth=36.135pt
* \marginparsep=11.0pt
* \columnsep=10.0pt
* \skip\footins=9.0pt plus 4.0pt minus 2.0pt
* \hoffset=0.0pt
* \voffset=0.0pt
* \mag=1000
* \@twocolumnfalse
* \@twosidetrue
* \@mparswitchtrue
* \@reversemarginfalse
* (1in=72.27pt=25.4mm, 1cm=28.453pt)

Package hyperref Info: Link coloring ON on input line 72.
(destinationweatherstationv45.out) (destinationweatherstationv45.out)
\@outlinefile=\write5
\openout5 = `destinationweatherstationv45.out'.

Package hyperref Info: Option `pageanchor' set `false' on input line 80.


Package hyperref Warning: Token not allowed in a PDF string (Unicode):
(hyperref)                removing `\spacefactor' on input line 80.


Package hyperref Warning: Token not allowed in a PDF string (Unicode):
(hyperref)                removing `\@m' on input line 80.

LaTeX Font Info:    Trying to load font information for T1+qhv on input line 80
.
(C:\Users\madis\AppData\Local\Programs\MiKTeX\tex/latex/tex-gyre\t1qhv.fd
File: t1qhv.fd 2009/09/25 v1.2 font definition file for T1/qhv
)<<ot1.cmap>><<oml.cmap>><<oms.cmap>><<omx.cmap>>
LaTeX Font Info:    Trying to load font information for U+msa on input line 80.


(C:\Users\madis\AppData\Local\Programs\MiKTeX\tex/latex/amsfonts\umsa.fd
File: umsa.fd 2013/01/14 v3.01 AMS symbols A
)
LaTeX Font Info:    Trying to load font information for U+msb on input line 80.


(C:\Users\madis\AppData\Local\Programs\MiKTeX\tex/latex/amsfonts\umsb.fd
File: umsb.fd 2013/01/14 v3.01 AMS symbols B
)
[1

{C:/Users/madis/AppData/Local/MiKTeX/fonts/map/pdftex/pdftex.map}{C:/Users/madi
s/AppData/Local/Programs/MiKTeX/fonts/enc/dvips/tex-gyre/q-ec.enc}] [2


]
(destinationweatherstationv45.toc)
\tf@toc=\write6
\openout6 = `destinationweatherstationv45.toc'.

 [1

] [2

]
<front.png, id=285, 2569.6pt x 1445.4pt>
LaTeX Font Info:    Trying to load font information for T1+txtt on input line 2
.

(C:\Users\madis\AppData\Local\Programs\MiKTeX\tex/latex/txfonts\t1txtt.fd
File: t1txtt.fd 2000/12/15 v3.1
)
File: front.png Graphic file (type png)
<use front.png>
Package pdftex.def Info: front.png  used on input line 2.
(pdftex.def)             Requested size: 469.72249pt x 264.24095pt.

[1 <./front.png>] [2

]
Chapter 1.
LaTeX Font Info:    Trying to load font information for TS1+qtm on input line 1
03.
(C:\Users\madis\AppData\Local\Programs\MiKTeX\tex/latex/tex-gyre\ts1qtm.fd
File: ts1qtm.fd 2009/09/25 v1.2 font definition file for TS1/qtm
)
[3{C:/Users/madis/AppData/Local/Programs/MiKTeX/fonts/enc/dvips/tex-gyre/q-ts1.
enc}]
<switchOnly.png, id=313, 2569.6pt x 1445.4pt>
File: switchOnly.png Graphic file (type png)
<use switchOnly.png>
Package pdftex.def Info: switchOnly.png  used on input line 2.
(pdftex.def)             Requested size: 469.72249pt x 264.24095pt.
<xiaoPinsOnly.png, id=315, 2569.6pt x 1445.4pt>
File: xiaoPinsOnly.png Graphic file (type png)
<use xiaoPinsOnly.png>
Package pdftex.def Info: xiaoPinsOnly.png  used on input line 2.
(pdftex.def)             Requested size: 469.72249pt x 264.24095pt.
 [4 <./switchOnly.png>]
<xiaoOnly.png, id=324, 2569.6pt x 1445.4pt>
File: xiaoOnly.png Graphic file (type png)
<use xiaoOnly.png>
Package pdftex.def Info: xiaoOnly.png  used on input line 2.
(pdftex.def)             Requested size: 469.72249pt x 264.24095pt.
 [5 <./xiaoPinsOnly.png> <./xiaoOnly.png>]
<oledPinsOnly.png, id=332, 2569.6pt x 1445.4pt>
File: oledPinsOnly.png Graphic file (type png)
<use oledPinsOnly.png>
Package pdftex.def Info: oledPinsOnly.png  used on input line 2.
(pdftex.def)             Requested size: 469.72249pt x 264.24095pt.
File: front.png Graphic file (type png)
<use front.png>
Package pdftex.def Info: front.png  used on input line 2.
(pdftex.def)             Requested size: 469.72249pt x 264.24095pt.
 [6 <./oledPinsOnly.png>]
<iso.png, id=340, 3854.4pt x 2168.1pt>
File: iso.png Graphic file (type png)
<use iso.png>
Package pdftex.def Info: iso.png  used on input line 2.
(pdftex.def)             Requested size: 469.7421pt x 264.22992pt.
 [7 <./iso.png>] [8

]
Chapter 2.
<arduino-ide-download-page.png, id=352, 1926.19624pt x 962.09438pt>
File: arduino-ide-download-page.png Graphic file (type png)
<use arduino-ide-download-page.png>
Package pdftex.def Info: arduino-ide-download-page.png  used on input line 2.
(pdftex.def)             Requested size: 469.73256pt x 234.62149pt.
<arduino-ide-just-download-1.png, id=354, 1926.19624pt x 962.09438pt>
File: arduino-ide-just-download-1.png Graphic file (type png)
<use arduino-ide-just-download-1.png>
Package pdftex.def Info: arduino-ide-just-download-1.png  used on input line 2.

(pdftex.def)             Requested size: 469.73256pt x 234.62149pt.
[9 <./arduino-ide-download-page.png>]
<arduino-ide-just-download-2.png, id=363, 1926.19624pt x 962.09438pt>
File: arduino-ide-just-download-2.png Graphic file (type png)
<use arduino-ide-just-download-2.png>
Package pdftex.def Info: arduino-ide-just-download-2.png  used on input line 2.

(pdftex.def)             Requested size: 469.73256pt x 234.62149pt.
 [10 <./arduino-ide-just-download-1.png> <./arduino-ide-just-download-2.png>]
<arduino-ide-preferences.png, id=371, 599.74063pt x 398.99063pt>
File: arduino-ide-preferences.png Graphic file (type png)
<use arduino-ide-preferences.png>
Package pdftex.def Info: arduino-ide-preferences.png  used on input line 2.
(pdftex.def)             Requested size: 469.76334pt x 312.52646pt.
<arduino-ide-boards-manager.png, id=373, 367.3725pt x 492.84125pt>
File: arduino-ide-boards-manager.png Graphic file (type png)
<use arduino-ide-boards-manager.png>
Package pdftex.def Info: arduino-ide-boards-manager.png  used on input line 2.
(pdftex.def)             Requested size: 367.37158pt x 492.84003pt.
 [11 <./arduino-ide-preferences.png>]
[12 <./arduino-ide-boards-manager.png>] [13] [14

]
Chapter 3.
<MFG_BME280.jpg, id=398, 642.4pt x 642.4pt>
File: MFG_BME280.jpg Graphic file (type jpg)
<use MFG_BME280.jpg>
Package pdftex.def Info: MFG_BME280.jpg  used on input line 2.
(pdftex.def)             Requested size: 469.7715pt x 469.7715pt.
[15] [16 <./MFG_BME280.jpg>]
<rhGraph.png, id=409, 1671.24374pt x 1350.54562pt>
File: rhGraph.png Graphic file (type png)
<use rhGraph.png>
Package pdftex.def Info: rhGraph.png  used on input line 2.
(pdftex.def)             Requested size: 469.75565pt x 379.61334pt.
 [17 <./rhGraph.png>]
<bme280BlockDiagram.png, id=418, 2151.53813pt x 1146.53343pt>
File: bme280BlockDiagram.png Graphic file (type png)
<use bme280BlockDiagram.png>
Package pdftex.def Info: bme280BlockDiagram.png  used on input line 2.
(pdftex.def)             Requested size: 469.72858pt x 250.31372pt.
<MFG_ENS160.jpg, id=420, 276.28218pt x 276.28218pt>
File: MFG_ENS160.jpg Graphic file (type jpg)
<use MFG_ENS160.jpg>
Package pdftex.def Info: MFG_ENS160.jpg  used on input line 2.
(pdftex.def)             Requested size: 276.2815pt x 276.2815pt.
 [18 <./bme280BlockDiagram.png>] [19 <./MFG_ENS160.jpg>]
<ens160_eco2.jpg, id=431, 297.79597pt x 143.08734pt>
File: ens160_eco2.jpg Graphic file (type jpg)
<use ens160_eco2.jpg>
Package pdftex.def Info: ens160_eco2.jpg  used on input line 2.
(pdftex.def)             Requested size: 297.79523pt x 143.08698pt.
<ens160_eco2_bedroom.jpg, id=433, 251.91257pt x 129.20107pt>
File: ens160_eco2_bedroom.jpg Graphic file (type jpg)
<use ens160_eco2_bedroom.jpg>
Package pdftex.def Info: ens160_eco2_bedroom.jpg  used on input line 2.
(pdftex.def)             Requested size: 251.91194pt x 129.20073pt.
<ens160_eco2_kitchen.jpg, id=435, 252.64882pt x 129.1382pt>
File: ens160_eco2_kitchen.jpg Graphic file (type jpg)
<use ens160_eco2_kitchen.jpg>
Package pdftex.def Info: ens160_eco2_kitchen.jpg  used on input line 2.
(pdftex.def)             Requested size: 252.6482pt x 129.13788pt.
<ens160_eco2_bathroom.jpg, id=437, 252.64882pt x 129.43439pt>
File: ens160_eco2_bathroom.jpg Graphic file (type jpg)
<use ens160_eco2_bathroom.jpg>
Package pdftex.def Info: ens160_eco2_bathroom.jpg  used on input line 2.
(pdftex.def)             Requested size: 252.6482pt x 129.43405pt.
 [20 <./ens160_eco2.jpg> <./ens160_eco2_bedroom.jpg> <./ens160_eco2_kitchen.jpg
>]
<aqi_us.png, id=446, 2223.05531pt x 1121.69063pt>
File: aqi_us.png Graphic file (type png)
<use aqi_us.png>
Package pdftex.def Info: aqi_us.png  used on input line 2.
(pdftex.def)             Requested size: 469.7387pt x 237.0168pt.
<aqi_eu.png, id=448, 1511.6475pt x 1187.93813pt>
File: aqi_eu.png Graphic file (type png)
<use aqi_eu.png>
Package pdftex.def Info: aqi_eu.png  used on input line 2.
(pdftex.def)             Requested size: 469.75919pt x 369.16335pt.
 [21 <./ens160_eco2_bathroom.jpg> <./aqi_us.png>]
<aqi_tw.png, id=456, 2482.77562pt x 1240.635pt>
File: aqi_tw.png Graphic file (type png)
<use aqi_tw.png>
Package pdftex.def Info: aqi_tw.png  used on input line 2.
(pdftex.def)             Requested size: 469.72441pt x 234.71977pt.

[22 <./aqi_eu.png> <./aqi_tw.png>]
<MFG_LTR390.jpg, id=464, 642.4pt x 642.4pt>
File: MFG_LTR390.jpg Graphic file (type jpg)
<use MFG_LTR390.jpg>
Package pdftex.def Info: MFG_LTR390.jpg  used on input line 2.
(pdftex.def)             Requested size: 469.7715pt x 469.7715pt.
 [23 <./MFG_LTR390.jpg>]
Underfull \hbox (badness 10000) in paragraph at lines 660--662
[]|\T1/qtm/m/n/10 ALS Out-put
 []


Underfull \hbox (badness 10000) in paragraph at lines 679--681
[]|\T1/qtm/m/n/10 Dark Level
 []


Underfull \hbox (badness 10000) in paragraph at lines 694--697
[]|\T1/qtm/m/n/10 0 Lux,
 []


Underfull \hbox (badness 10000) in paragraph at lines 694--697
\T1/qtm/m/n/10 T_ope=25\TS1/qtm/m/n/10 °\T1/qtm/m/n/10 C,
 []


Underfull \hbox (badness 10000) in paragraph at lines 698--700
[]|\T1/qtm/m/n/10 Cal-i-brated Lux
 []


Underfull \hbox (badness 10000) in paragraph at lines 698--700
\T1/qtm/m/n/10 Er-ror In Gain
 []


Underfull \hbox (badness 10000) in paragraph at lines 713--716
[]|\T1/qtm/m/n/10 While LED,
 []


Underfull \hbox (badness 10000) in paragraph at lines 713--716
\T1/qtm/m/n/10 5000K,
 []


Underfull \hbox (badness 10000) in paragraph at lines 770--772
[]|\T1/qtm/m/n/10 UVS Out-put
 []


Underfull \hbox (badness 10000) in paragraph at lines 785--788
[]|\T1/qtm/m/n/10 Pro-grammable
 []


Underfull \hbox (badness 10000) in paragraph at lines 785--788
\T1/qtm/m/n/10 for 13, 16,17,
 []


Underfull \hbox (badness 10000) in paragraph at lines 804--807
[]|\T1/qtm/m/n/10 UV LED
 []


Underfull \hbox (badness 10000) in paragraph at lines 804--807
\T1/qtm/m/n/10 310nm,
 []


Underfull \hbox (badness 10000) in paragraph at lines 804--807
\T1/qtm/m/n/10 T_ope=25\TS1/qtm/m/n/10 °\T1/qtm/m/n/10 C,
 []


Underfull \hbox (badness 10000) in paragraph at lines 804--807
\T1/qtm/m/n/10 18-bit, Gain
 []


Underfull \hbox (badness 10000) in paragraph at lines 804--807
\T1/qtm/m/n/10 range = 18,
 []


Underfull \hbox (badness 10000) in paragraph at lines 804--807
\T1/qtm/m/n/10 Ir-ra-di-ance =
 []


Underfull \hbox (badness 10000) in paragraph at lines 827--829
[]|\T1/qtm/m/n/10 UVI Ac-cu-racy
 []


Underfull \hbox (badness 10000) in paragraph at lines 842--845
[]|\T1/qtm/m/n/10 Gain Range =
 []


Underfull \hbox (badness 10000) in paragraph at lines 846--848
[]|\T1/qtm/m/n/10 UVI Ac-cu-racy
 []


Underfull \hbox (badness 10000) in paragraph at lines 861--864
[]|\T1/qtm/m/n/10 Gain Range =
 []

<ltr390_als_response.png, id=470, 1625.32219pt x 1410.77063pt>
File: ltr390_als_response.png Graphic file (type png)
<use ltr390_als_response.png>
Package pdftex.def Info: ltr390_als_response.png  used on input line 2.
(pdftex.def)             Requested size: 469.74414pt x 407.7353pt.
[24]
<ltr390_als_aoi.png, id=476, 1662.21pt x 1300.1072pt>
File: ltr390_als_aoi.png Graphic file (type png)
<use ltr390_als_aoi.png>
Package pdftex.def Info: ltr390_als_aoi.png  used on input line 2.
(pdftex.def)             Requested size: 469.75275pt x 367.41983pt.
 [25 <./ltr390_als_response.png>]
<ltr390_uvs_response.png, id=483, 1562.83875pt x 1346.78156pt>
File: ltr390_uvs_response.png Graphic file (type png)
<use ltr390_uvs_response.png>
Package pdftex.def Info: ltr390_uvs_response.png  used on input line 2.
(pdftex.def)             Requested size: 469.76143pt x 404.8185pt.
 [26 <./ltr390_als_aoi.png>]
<ultravioletSpectrum.png, id=490, 2499.3375pt x 350.30875pt>
File: ultravioletSpectrum.png Graphic file (type png)
<use ultravioletSpectrum.png>
Package pdftex.def Info: ultravioletSpectrum.png  used on input line 2.
(pdftex.def)             Requested size: 469.7306pt x 65.83774pt.
 [27 <./ltr390_uvs_response.png> <./ultravioletSpectrum.png (PNG copy)>]
<MFG_SCD40.jpg, id=498, 147.18pt x 119.13pt>
File: MFG_SCD40.jpg Graphic file (type jpg)
<use MFG_SCD40.jpg>
Package pdftex.def Info: MFG_SCD40.jpg  used on input line 2.
(pdftex.def)             Requested size: 147.17961pt x 119.1297pt.
<scd40_blockDiagram.jpg, id=501, 275.22pt x 190.74pt>
File: scd40_blockDiagram.jpg Graphic file (type jpg)
<use scd40_blockDiagram.jpg>
Package pdftex.def Info: scd40_blockDiagram.jpg  used on input line 2.
(pdftex.def)             Requested size: 275.21933pt x 190.73953pt.
 [28 <./MFG_SCD40.jpg>] [29 <./scd40_blockDiagram.jpg>]
<co2Limits.jpg, id=511, 486.618pt x 504.9264pt>
File: co2Limits.jpg Graphic file (type jpg)
<use co2Limits.jpg>
Package pdftex.def Info: co2Limits.jpg  used on input line 2.
(pdftex.def)             Requested size: 469.77649pt x 487.44354pt.
 [30 <./co2Limits.jpg>]
<MFG_VEML7700.png, id=517, 971.88094pt x 795.72281pt>
File: MFG_VEML7700.png Graphic file (type png)
<use MFG_VEML7700.png>
Package pdftex.def Info: MFG_VEML7700.png  used on input line 2.
(pdftex.def)             Requested size: 469.74525pt x 384.60164pt.
<veml7700_blockDiagram.png, id=519, 772.38562pt x 855.195pt>
File: veml7700_blockDiagram.png Graphic file (type png)
<use veml7700_blockDiagram.png>
Package pdftex.def Info: veml7700_blockDiagram.png  used on input line 2.
(pdftex.def)             Requested size: 469.75204pt x 520.11534pt.
 [31 <./MFG_VEML7700.png>] [32 <./veml7700_blockDiagram.png>]
<veml7700_spectralResponse.png, id=531, 1282.7925pt x 1093.83656pt>
File: veml7700_spectralResponse.png Graphic file (type png)
<use veml7700_spectralResponse.png>
Package pdftex.def Info: veml7700_spectralResponse.png  used on input line 2.
(pdftex.def)             Requested size: 469.75192pt x 400.55724pt.
<veml7700_whiteSensitivitySpectrum.png, id=533, 1298.60156pt x 1137.4997pt>
File: veml7700_whiteSensitivitySpectrum.png Graphic file (type png)
<use veml7700_whiteSensitivitySpectrum.png>
Package pdftex.def Info: veml7700_whiteSensitivitySpectrum.png  used on input l
ine 2.
(pdftex.def)             Requested size: 469.75513pt x 411.47826pt.
 [33 <./veml7700_spectralResponse.png>]
[34 <./veml7700_whiteSensitivitySpectrum.png>]
Chapter 4.
<dcRectifier.png, id=550, 1656.1875pt x 962.09438pt>
File: dcRectifier.png Graphic file (type png)
<use dcRectifier.png>
Package pdftex.def Info: dcRectifier.png  used on input line 2.
(pdftex.def)             Requested size: 469.74393pt x 272.89319pt.
[35

 <./dcRectifier.png>] [36]
Chapter 5.
[37

] [38

]
Chapter 6.
(destinationweatherstationv45.ind) [39] (destinationweatherstationv45.aux)

LaTeX Warning: There were multiply-defined labels.

Package rerunfilecheck Info: File `destinationweatherstationv45.out' has not ch
anged.
(rerunfilecheck)             Checksum: 09A9A20F96001A9C6F0886F125252D7C;7748.
 ) 
Here is how much of TeX's memory you used:
 16609 strings out of 476331
 288069 string characters out of 5787765
 1876660 words of memory out of 5000000
 36508 multiletter control sequences out of 15000+600000
 562522 words of font info for 70 fonts, out of 8000000 for 9000
 1142 hyphenation exceptions out of 8191
 72i,12n,76p,1177b,545s stack positions out of 10000i,1000n,20000p,200000b,200000s
<C:/Users/madis/AppData/Local/Programs/MiKTeX/fonts/type1/public/amsfonts/cm/
cmsy10.pfb><C:/Users/madis/AppData/Local/Programs/MiKTeX/fonts/type1/public/tex
-gyre/qhvb.pfb><C:/Users/madis/AppData/Local/Programs/MiKTeX/fonts/type1/public
/tex-gyre/qhvbi.pfb><C:/Users/madis/AppData/Local/Programs/MiKTeX/fonts/type1/p
ublic/tex-gyre/qhvr.pfb><C:/Users/madis/AppData/Local/Programs/MiKTeX/fonts/typ
e1/public/tex-gyre/qtmb.pfb><C:/Users/madis/AppData/Local/Programs/MiKTeX/fonts
/type1/public/tex-gyre/qtmr.pfb><C:/Users/madis/AppData/Local/Programs/MiKTeX/f
onts/type1/public/tex-gyre/qtmri.pfb><C:/Users/madis/AppData/Local/Programs/MiK
TeX/fonts/type1/public/txfonts/t1xtt.pfb>
Output written on destinationweatherstationv45.pdf (43 pages, 23871818 bytes).
PDF statistics:
 637 PDF objects out of 1000 (max. 8388607)
 109 named destinations out of 1000 (max. 500000)
 668 words of extra memory for PDF output out of 10000 (max. 10000000)

