\BOOKMARK [0][-]{chapter.1}{\376\377\000G\000e\000t\000t\000i\000n\000g\000\040\000S\000t\000a\000r\000t\000e\000d}{}% 1
\BOOKMARK [1][-]{section.1.1}{\376\377\000W\000h\000a\000t\000\040\000i\000s\000\040\000i\000n\000\040\000t\000h\000e\000\040\000K\000i\000t\000?}{chapter.1}% 2
\BOOKMARK [2][-]{subsection.1.1.1}{\376\377\000K\000i\000t\000\040\000C\000o\000n\000t\000e\000n\000t\000s}{section.1.1}% 3
\BOOKMARK [1][-]{section.1.2}{\376\377\000D\000e\000s\000t\000i\000n\000a\000t\000i\000o\000n\000\040\000W\000e\000a\000t\000h\000e\000r\000\040\000S\000t\000a\000t\000i\000o\000n\000\040\000v\0004\000.\0005\000\040\000A\000s\000s\000e\000m\000b\000l\000y}{chapter.1}% 4
\BOOKMARK [2][-]{subsection.1.2.1}{\376\377\000S\000o\000l\000d\000e\000r\000i\000n\000g}{section.1.2}% 5
\BOOKMARK [3][-]{subsubsection*.4}{\376\377\000P\000o\000w\000e\000r\000\040\000S\000w\000i\000t\000c\000h}{subsection.1.2.1}% 6
\BOOKMARK [3][-]{subsubsection*.7}{\376\377\000X\000I\000A\000O\000\040\000R\000P\0002\0000\0004\0000}{subsection.1.2.1}% 7
\BOOKMARK [3][-]{subsubsection*.9}{\376\377\000O\000L\000E\000D\000\040\000D\000i\000s\000p\000l\000a\000y}{subsection.1.2.1}% 8
\BOOKMARK [2][-]{subsection.1.2.2}{\376\377\000F\000i\000n\000a\000l\000\040\000A\000s\000s\000e\000m\000b\000l\000y}{section.1.2}% 9
\BOOKMARK [3][-]{subsubsection*.11}{\376\377\000B\000a\000t\000t\000e\000r\000i\000e\000s}{subsection.1.2.2}% 10
\BOOKMARK [0][-]{chapter.2}{\376\377\000C\000o\000n\000f\000i\000g\000u\000r\000a\000t\000i\000o\000n}{}% 11
\BOOKMARK [1][-]{section.2.1}{\376\377\000I\000n\000s\000t\000a\000l\000l\000i\000n\000g\000\040\000A\000r\000d\000u\000i\000n\000o\000\040\000I\000D\000E}{chapter.2}% 12
\BOOKMARK [2][-]{subsection.2.1.1}{\376\377\000D\000o\000w\000n\000l\000o\000a\000d}{section.2.1}% 13
\BOOKMARK [2][-]{subsection.2.1.2}{\376\377\000I\000n\000s\000t\000a\000l\000l\000a\000t\000i\000o\000n}{section.2.1}% 14
\BOOKMARK [1][-]{section.2.2}{\376\377\000S\000o\000f\000t\000w\000a\000r\000e\000\040\000C\000o\000n\000f\000i\000g\000u\000r\000a\000t\000i\000o\000n}{chapter.2}% 15
\BOOKMARK [2][-]{subsection.2.2.1}{\376\377\000B\000o\000a\000r\000d\000\040\000M\000a\000n\000a\000g\000e\000r}{section.2.2}% 16
\BOOKMARK [2][-]{subsection.2.2.2}{\376\377\000C\000o\000d\000e\000\040\000L\000i\000b\000r\000a\000r\000i\000e\000s}{section.2.2}% 17
\BOOKMARK [0][-]{chapter.3}{\376\377\000S\000e\000n\000s\000o\000r\000s}{}% 18
\BOOKMARK [1][-]{section.3.1}{\376\377\000D\000e\000s\000t\000i\000n\000a\000t\000i\000o\000n\000\040\000W\000e\000a\000t\000h\000e\000r\000\040\000S\000t\000a\000t\000i\000o\000n\000\040\000-\000\040\000S\000e\000n\000s\000o\000r\000s}{chapter.3}% 19
\BOOKMARK [1][-]{section.3.2}{\376\377\000B\000M\000E\0002\0008\0000}{chapter.3}% 20
\BOOKMARK [2][-]{subsection.3.2.1}{\376\377\000H\000u\000m\000i\000d\000i\000t\000y}{section.3.2}% 21
\BOOKMARK [2][-]{subsection.3.2.2}{\376\377\000P\000r\000e\000s\000s\000u\000r\000e}{section.3.2}% 22
\BOOKMARK [2][-]{subsection.3.2.3}{\376\377\000T\000e\000m\000p\000e\000r\000a\000t\000u\000r\000e}{section.3.2}% 23
\BOOKMARK [2][-]{subsection.3.2.4}{\376\377\000F\000u\000n\000c\000t\000i\000o\000n\000a\000l\000\040\000B\000l\000o\000c\000k\000\040\000D\000i\000a\000g\000r\000a\000m}{section.3.2}% 24
\BOOKMARK [1][-]{section.3.3}{\376\377\000E\000N\000S\0001\0006\0000}{chapter.3}% 25
\BOOKMARK [2][-]{subsection.3.3.1}{\376\377\000S\000p\000e\000c\000i\000f\000i\000c\000a\000t\000i\000o\000n\000s}{section.3.3}% 26
\BOOKMARK [2][-]{subsection.3.3.2}{\376\377\000T\000V\000O\000C}{section.3.3}% 27
\BOOKMARK [2][-]{subsection.3.3.3}{\376\377\000e\000C\000O\0002}{section.3.3}% 28
\BOOKMARK [2][-]{subsection.3.3.4}{\376\377\000A\000Q\000I}{section.3.3}% 29
\BOOKMARK [1][-]{section.3.4}{\376\377\000L\000T\000R\0003\0009\0000}{chapter.3}% 30
\BOOKMARK [2][-]{subsection.3.4.1}{\376\377\000A\000m\000b\000i\000e\000n\000t\000\040\000L\000i\000g\000h\000t\000\040\000S\000p\000e\000c\000i\000f\000i\000c\000a\000t\000i\000o\000n\000s}{section.3.4}% 31
\BOOKMARK [2][-]{subsection.3.4.2}{\376\377\000U\000V\000S\000\040\000S\000p\000e\000c\000i\000f\000i\000c\000a\000t\000i\000o\000n\000s}{section.3.4}% 32
\BOOKMARK [2][-]{subsection.3.4.3}{\376\377\000A\000L\000S\000\040\000S\000e\000n\000s\000o\000r}{section.3.4}% 33
\BOOKMARK [2][-]{subsection.3.4.4}{\376\377\000U\000V\000S\000\040\000S\000e\000n\000s\000o\000r}{section.3.4}% 34
\BOOKMARK [2][-]{subsection.3.4.5}{\376\377\000T\000h\000e\000\040\000U\000l\000t\000r\000a\000-\000V\000i\000o\000l\000e\000t\000\040\000S\000p\000e\000c\000t\000r\000u\000m}{section.3.4}% 35
\BOOKMARK [2][-]{subsection.3.4.6}{\376\377\000U\000V\000A}{section.3.4}% 36
\BOOKMARK [2][-]{subsection.3.4.7}{\376\377\000U\000V\000B}{section.3.4}% 37
\BOOKMARK [2][-]{subsection.3.4.8}{\376\377\000U\000V\000C}{section.3.4}% 38
\BOOKMARK [1][-]{section.3.5}{\376\377\000S\000C\000D\0004\0000}{chapter.3}% 39
\BOOKMARK [2][-]{subsection.3.5.1}{\376\377\000C\000O\0002\000\040\000S\000e\000n\000s\000i\000n\000g\000\040\000P\000r\000e\000f\000o\000r\000m\000a\000n\000c\000e}{section.3.5}% 40
\BOOKMARK [2][-]{subsection.3.5.2}{\376\377\000H\000u\000m\000i\000d\000t\000y\000\040\000S\000e\000n\000s\000i\000n\000g\000\040\000P\000r\000e\000f\000o\000r\000m\000a\000n\000c\000e}{section.3.5}% 41
\BOOKMARK [2][-]{subsection.3.5.3}{\376\377\000T\000e\000m\000p\000e\000r\000a\000t\000u\000r\000e\000\040\000S\000e\000n\000s\000i\000n\000g\000\040\000P\000r\000e\000f\000o\000r\000m\000a\000n\000c\000e}{section.3.5}% 42
\BOOKMARK [2][-]{subsection.3.5.4}{\376\377\000M\000e\000a\000s\000u\000r\000i\000n\000g\000\040\000C\000O\0002}{section.3.5}% 43
\BOOKMARK [1][-]{section.3.6}{\376\377\000V\000E\000M\000L\0007\0007\0000\0000}{chapter.3}% 44
\BOOKMARK [2][-]{subsection.3.6.1}{\376\377\000S\000p\000e\000c\000i\000f\000i\000c\000a\000t\000i\000o\000n\000s}{section.3.6}% 45
\BOOKMARK [0][-]{chapter.4}{\376\377\000H\000a\000r\000d\000w\000a\000r\000e}{}% 46
\BOOKMARK [1][-]{section.4.1}{\376\377\000D\000e\000s\000t\000i\000n\000a\000t\000i\000o\000n\000\040\000W\000e\000a\000t\000h\000e\000r\000\040\000S\000t\000a\000t\000i\000o\000n\000\040\000-\000\040\000H\000a\000r\000d\000w\000a\000r\000e}{chapter.4}% 47
\BOOKMARK [2][-]{subsection.4.1.1}{\376\377\000P\000o\000w\000e\000r}{section.4.1}% 48
\BOOKMARK [2][-]{subsection.4.1.2}{\376\377\000S\000t\000o\000r\000a\000g\000e}{section.4.1}% 49
\BOOKMARK [2][-]{subsection.4.1.3}{\376\377\000H\000u\000m\000a\000n\000\040\000I\000n\000t\000e\000r\000f\000a\000c\000e\000\040\000D\000e\000v\000i\000c\000e\000s}{section.4.1}% 50
\BOOKMARK [1][-]{section.4.2}{\376\377\000T\000r\000o\000u\000b\000l\000e\000s\000h\000o\000o\000t\000i\000n\000g}{chapter.4}% 51
\BOOKMARK [0][-]{chapter.5}{\376\377\000S\000o\000f\000t\000w\000a\000r\000e}{}% 52
\BOOKMARK [1][-]{section.5.1}{\376\377\000S\000o\000f\000t\000w\000a\000r\000e}{chapter.5}% 53
\BOOKMARK [2][-]{subsection.5.1.1}{\376\377\000B\000l\000i\000n\000k\000\040\000S\000k\000e\000t\000c\000h}{section.5.1}% 54
\BOOKMARK [2][-]{subsection.5.1.2}{\376\377\000S\000e\000n\000s\000o\000r\000\040\000T\000e\000s\000t\000\040\000S\000k\000e\000t\000c\000h}{section.5.1}% 55
\BOOKMARK [2][-]{subsection.5.1.3}{\376\377\000D\000e\000m\000o\000\040\000S\000k\000e\000t\000c\000h}{section.5.1}% 56
\BOOKMARK [2][-]{subsection.5.1.4}{\376\377\000F\000u\000l\000l\000\040\000C\000o\000d\000e\000\040\000S\000k\000e\000t\000c\000h}{section.5.1}% 57
\BOOKMARK [0][-]{chapter.6}{\376\377\000M\000i\000s\000c\000e\000l\000l\000a\000n\000e\000o\000u\000s}{}% 58
\BOOKMARK [1][-]{section.6.1}{\376\377\000F\000r\000e\000q\000u\000e\000n\000t\000l\000y\000\040\000A\000s\000k\000e\000d\000\040\000Q\000u\000e\000s\000t\000i\000o\000n\000s}{chapter.6}% 59
